2024-06-30 15:23:17,529:WARNING:
'cuml' is a soft dependency and not included in the pycaret installation. Please run: `pip install cuml` to install.
2024-06-30 15:23:17,529:WARNING:
'cuml' is a soft dependency and not included in the pycaret installation. Please run: `pip install cuml` to install.
2024-06-30 15:23:17,529:WARNING:
'cuml' is a soft dependency and not included in the pycaret installation. Please run: `pip install cuml` to install.
2024-06-30 15:23:17,529:WARNING:
'cuml' is a soft dependency and not included in the pycaret installation. Please run: `pip install cuml` to install.
2024-06-30 15:28:53,091:WARNING:
'cuml' is a soft dependency and not included in the pycaret installation. Please run: `pip install cuml` to install.
2024-06-30 15:28:53,092:WARNING:
'cuml' is a soft dependency and not included in the pycaret installation. Please run: `pip install cuml` to install.
2024-06-30 15:28:53,092:WARNING:
'cuml' is a soft dependency and not included in the pycaret installation. Please run: `pip install cuml` to install.
2024-06-30 15:28:53,092:WARNING:
'cuml' is a soft dependency and not included in the pycaret installation. Please run: `pip install cuml` to install.
2024-06-30 15:31:33,691:INFO:PyCaret ClassificationExperiment
2024-06-30 15:31:33,692:INFO:Logging name: clf-default-name
2024-06-30 15:31:33,692:INFO:ML Usecase: MLUsecase.CLASSIFICATION
2024-06-30 15:31:33,692:INFO:version 3.3.2
2024-06-30 15:31:33,692:INFO:Initializing setup()
2024-06-30 15:31:33,692:INFO:self.USI: b8e0
2024-06-30 15:31:33,692:INFO:self._variable_keys: {'memory', 'idx', 'pipeline', 'X', 'data', 'y_train', 'y', 'gpu_param', 'gpu_n_jobs_param', 'fold_groups_param', 'exp_name_log', '_ml_usecase', 'USI', 'html_param', 'X_test', 'is_multiclass', 'exp_id', 'fold_generator', 'fix_imbalance', 'X_train', '_available_plots', 'y_test', 'target_param', 'n_jobs_param', 'fold_shuffle_param', 'log_plots_param', 'seed', 'logging_param'}
2024-06-30 15:31:33,692:INFO:Checking environment
2024-06-30 15:31:33,692:INFO:python_version: 3.9.5
2024-06-30 15:31:33,692:INFO:python_build: ('tags/v3.9.5:0a7dcbd', 'May  3 2021 17:27:52')
2024-06-30 15:31:33,692:INFO:machine: AMD64
2024-06-30 15:31:33,692:INFO:platform: Windows-10-10.0.22631-SP0
2024-06-30 15:31:33,695:INFO:Memory: svmem(total=16969424896, available=5144715264, percent=69.7, used=11824709632, free=5144715264)
2024-06-30 15:31:33,695:INFO:Physical Core: 4
2024-06-30 15:31:33,695:INFO:Logical Core: 8
2024-06-30 15:31:33,695:INFO:Checking libraries
2024-06-30 15:31:33,696:INFO:System:
2024-06-30 15:31:33,696:INFO:    python: 3.9.5 (tags/v3.9.5:0a7dcbd, May  3 2021, 17:27:52) [MSC v.1928 64 bit (AMD64)]
2024-06-30 15:31:33,696:INFO:executable: c:\Users\idowu\Desktop\Machine Learning\.venv\Scripts\python.exe
2024-06-30 15:31:33,696:INFO:   machine: Windows-10-10.0.22631-SP0
2024-06-30 15:31:33,696:INFO:PyCaret required dependencies:
2024-06-30 15:31:33,789:INFO:                 pip: 24.0
2024-06-30 15:31:33,790:INFO:          setuptools: 56.0.0
2024-06-30 15:31:33,790:INFO:             pycaret: 3.3.2
2024-06-30 15:31:33,790:INFO:             IPython: 8.18.1
2024-06-30 15:31:33,790:INFO:          ipywidgets: 8.1.2
2024-06-30 15:31:33,790:INFO:                tqdm: 4.66.4
2024-06-30 15:31:33,790:INFO:               numpy: 1.26.4
2024-06-30 15:31:33,790:INFO:              pandas: 2.1.4
2024-06-30 15:31:33,790:INFO:              jinja2: 3.1.3
2024-06-30 15:31:33,790:INFO:               scipy: 1.11.4
2024-06-30 15:31:33,790:INFO:              joblib: 1.3.2
2024-06-30 15:31:33,790:INFO:             sklearn: 1.4.2
2024-06-30 15:31:33,790:INFO:                pyod: 1.1.3
2024-06-30 15:31:33,790:INFO:            imblearn: 0.12.2
2024-06-30 15:31:33,790:INFO:   category_encoders: 2.6.3
2024-06-30 15:31:33,790:INFO:            lightgbm: 4.3.0
2024-06-30 15:31:33,790:INFO:               numba: 0.59.1
2024-06-30 15:31:33,790:INFO:            requests: 2.31.0
2024-06-30 15:31:33,790:INFO:          matplotlib: 3.7.5
2024-06-30 15:31:33,790:INFO:          scikitplot: 0.3.7
2024-06-30 15:31:33,790:INFO:         yellowbrick: 1.5
2024-06-30 15:31:33,790:INFO:              plotly: 5.22.0
2024-06-30 15:31:33,790:INFO:    plotly-resampler: Not installed
2024-06-30 15:31:33,790:INFO:             kaleido: 0.2.1
2024-06-30 15:31:33,790:INFO:           schemdraw: 0.15
2024-06-30 15:31:33,790:INFO:         statsmodels: 0.14.2
2024-06-30 15:31:33,790:INFO:              sktime: 0.26.0
2024-06-30 15:31:33,790:INFO:               tbats: 1.1.3
2024-06-30 15:31:33,790:INFO:            pmdarima: 2.0.4
2024-06-30 15:31:33,790:INFO:              psutil: 5.9.8
2024-06-30 15:31:33,790:INFO:          markupsafe: 2.1.5
2024-06-30 15:31:33,790:INFO:             pickle5: Not installed
2024-06-30 15:31:33,790:INFO:         cloudpickle: 3.0.0
2024-06-30 15:31:33,790:INFO:         deprecation: 2.1.0
2024-06-30 15:31:33,790:INFO:              xxhash: 3.4.1
2024-06-30 15:31:33,790:INFO:           wurlitzer: Not installed
2024-06-30 15:31:33,790:INFO:PyCaret optional dependencies:
2024-06-30 15:31:33,907:INFO:                shap: 0.45.0
2024-06-30 15:31:33,907:INFO:           interpret: Not installed
2024-06-30 15:31:33,907:INFO:                umap: Not installed
2024-06-30 15:31:33,907:INFO:     ydata_profiling: Not installed
2024-06-30 15:31:33,907:INFO:  explainerdashboard: Not installed
2024-06-30 15:31:33,907:INFO:             autoviz: Not installed
2024-06-30 15:31:33,907:INFO:           fairlearn: Not installed
2024-06-30 15:31:33,907:INFO:          deepchecks: Not installed
2024-06-30 15:31:33,907:INFO:             xgboost: Not installed
2024-06-30 15:31:33,907:INFO:            catboost: Not installed
2024-06-30 15:31:33,907:INFO:              kmodes: Not installed
2024-06-30 15:31:33,907:INFO:             mlxtend: Not installed
2024-06-30 15:31:33,907:INFO:       statsforecast: Not installed
2024-06-30 15:31:33,907:INFO:        tune_sklearn: Not installed
2024-06-30 15:31:33,907:INFO:                 ray: Not installed
2024-06-30 15:31:33,908:INFO:            hyperopt: Not installed
2024-06-30 15:31:33,908:INFO:              optuna: Not installed
2024-06-30 15:31:33,908:INFO:               skopt: Not installed
2024-06-30 15:31:33,908:INFO:              mlflow: Not installed
2024-06-30 15:31:33,908:INFO:              gradio: Not installed
2024-06-30 15:31:33,908:INFO:             fastapi: Not installed
2024-06-30 15:31:33,908:INFO:             uvicorn: 0.29.0
2024-06-30 15:31:33,908:INFO:              m2cgen: Not installed
2024-06-30 15:31:33,908:INFO:           evidently: Not installed
2024-06-30 15:31:33,908:INFO:               fugue: Not installed
2024-06-30 15:31:33,908:INFO:           streamlit: Not installed
2024-06-30 15:31:33,908:INFO:             prophet: Not installed
2024-06-30 15:31:33,908:INFO:None
2024-06-30 15:31:33,908:INFO:Set up data.
2024-06-30 15:31:36,216:INFO:Set up folding strategy.
2024-06-30 15:31:36,216:INFO:Set up train/test split.
2024-06-30 15:34:35,009:INFO:PyCaret ClassificationExperiment
2024-06-30 15:34:35,010:INFO:Logging name: clf-default-name
2024-06-30 15:34:35,010:INFO:ML Usecase: MLUsecase.CLASSIFICATION
2024-06-30 15:34:35,010:INFO:version 3.3.2
2024-06-30 15:34:35,010:INFO:Initializing setup()
2024-06-30 15:34:35,010:INFO:self.USI: 9f4c
2024-06-30 15:34:35,010:INFO:self._variable_keys: {'memory', 'idx', 'pipeline', 'X', 'data', 'y_train', 'y', 'gpu_param', 'gpu_n_jobs_param', 'fold_groups_param', 'exp_name_log', '_ml_usecase', 'USI', 'html_param', 'X_test', 'is_multiclass', 'exp_id', 'fold_generator', 'fix_imbalance', 'X_train', '_available_plots', 'y_test', 'target_param', 'n_jobs_param', 'fold_shuffle_param', 'log_plots_param', 'seed', 'logging_param'}
2024-06-30 15:34:35,010:INFO:Checking environment
2024-06-30 15:34:35,010:INFO:python_version: 3.9.5
2024-06-30 15:34:35,010:INFO:python_build: ('tags/v3.9.5:0a7dcbd', 'May  3 2021 17:27:52')
2024-06-30 15:34:35,011:INFO:machine: AMD64
2024-06-30 15:34:35,011:INFO:platform: Windows-10-10.0.22631-SP0
2024-06-30 15:34:35,015:INFO:Memory: svmem(total=16969424896, available=4216041472, percent=75.2, used=12753383424, free=4216041472)
2024-06-30 15:34:35,015:INFO:Physical Core: 4
2024-06-30 15:34:35,016:INFO:Logical Core: 8
2024-06-30 15:34:35,016:INFO:Checking libraries
2024-06-30 15:34:35,016:INFO:System:
2024-06-30 15:34:35,016:INFO:    python: 3.9.5 (tags/v3.9.5:0a7dcbd, May  3 2021, 17:27:52) [MSC v.1928 64 bit (AMD64)]
2024-06-30 15:34:35,016:INFO:executable: c:\Users\idowu\Desktop\Machine Learning\.venv\Scripts\python.exe
2024-06-30 15:34:35,016:INFO:   machine: Windows-10-10.0.22631-SP0
2024-06-30 15:34:35,016:INFO:PyCaret required dependencies:
2024-06-30 15:34:35,016:INFO:                 pip: 24.0
2024-06-30 15:34:35,016:INFO:          setuptools: 56.0.0
2024-06-30 15:34:35,016:INFO:             pycaret: 3.3.2
2024-06-30 15:34:35,016:INFO:             IPython: 8.18.1
2024-06-30 15:34:35,016:INFO:          ipywidgets: 8.1.2
2024-06-30 15:34:35,016:INFO:                tqdm: 4.66.4
2024-06-30 15:34:35,016:INFO:               numpy: 1.26.4
2024-06-30 15:34:35,016:INFO:              pandas: 2.1.4
2024-06-30 15:34:35,016:INFO:              jinja2: 3.1.3
2024-06-30 15:34:35,016:INFO:               scipy: 1.11.4
2024-06-30 15:34:35,016:INFO:              joblib: 1.3.2
2024-06-30 15:34:35,016:INFO:             sklearn: 1.4.2
2024-06-30 15:34:35,016:INFO:                pyod: 1.1.3
2024-06-30 15:34:35,016:INFO:            imblearn: 0.12.2
2024-06-30 15:34:35,017:INFO:   category_encoders: 2.6.3
2024-06-30 15:34:35,017:INFO:            lightgbm: 4.3.0
2024-06-30 15:34:35,017:INFO:               numba: 0.59.1
2024-06-30 15:34:35,017:INFO:            requests: 2.31.0
2024-06-30 15:34:35,017:INFO:          matplotlib: 3.7.5
2024-06-30 15:34:35,017:INFO:          scikitplot: 0.3.7
2024-06-30 15:34:35,017:INFO:         yellowbrick: 1.5
2024-06-30 15:34:35,017:INFO:              plotly: 5.22.0
2024-06-30 15:34:35,017:INFO:    plotly-resampler: Not installed
2024-06-30 15:34:35,017:INFO:             kaleido: 0.2.1
2024-06-30 15:34:35,017:INFO:           schemdraw: 0.15
2024-06-30 15:34:35,017:INFO:         statsmodels: 0.14.2
2024-06-30 15:34:35,017:INFO:              sktime: 0.26.0
2024-06-30 15:34:35,017:INFO:               tbats: 1.1.3
2024-06-30 15:34:35,017:INFO:            pmdarima: 2.0.4
2024-06-30 15:34:35,017:INFO:              psutil: 5.9.8
2024-06-30 15:34:35,017:INFO:          markupsafe: 2.1.5
2024-06-30 15:34:35,017:INFO:             pickle5: Not installed
2024-06-30 15:34:35,017:INFO:         cloudpickle: 3.0.0
2024-06-30 15:34:35,017:INFO:         deprecation: 2.1.0
2024-06-30 15:34:35,018:INFO:              xxhash: 3.4.1
2024-06-30 15:34:35,018:INFO:           wurlitzer: Not installed
2024-06-30 15:34:35,018:INFO:PyCaret optional dependencies:
2024-06-30 15:34:35,018:INFO:                shap: 0.45.0
2024-06-30 15:34:35,018:INFO:           interpret: Not installed
2024-06-30 15:34:35,018:INFO:                umap: Not installed
2024-06-30 15:34:35,018:INFO:     ydata_profiling: Not installed
2024-06-30 15:34:35,018:INFO:  explainerdashboard: Not installed
2024-06-30 15:34:35,018:INFO:             autoviz: Not installed
2024-06-30 15:34:35,018:INFO:           fairlearn: Not installed
2024-06-30 15:34:35,018:INFO:          deepchecks: Not installed
2024-06-30 15:34:35,018:INFO:             xgboost: Not installed
2024-06-30 15:34:35,018:INFO:            catboost: Not installed
2024-06-30 15:34:35,018:INFO:              kmodes: Not installed
2024-06-30 15:34:35,018:INFO:             mlxtend: Not installed
2024-06-30 15:34:35,018:INFO:       statsforecast: Not installed
2024-06-30 15:34:35,018:INFO:        tune_sklearn: Not installed
2024-06-30 15:34:35,018:INFO:                 ray: Not installed
2024-06-30 15:34:35,018:INFO:            hyperopt: Not installed
2024-06-30 15:34:35,018:INFO:              optuna: Not installed
2024-06-30 15:34:35,019:INFO:               skopt: Not installed
2024-06-30 15:34:35,019:INFO:              mlflow: Not installed
2024-06-30 15:34:35,019:INFO:              gradio: Not installed
2024-06-30 15:34:35,019:INFO:             fastapi: Not installed
2024-06-30 15:34:35,019:INFO:             uvicorn: 0.29.0
2024-06-30 15:34:35,019:INFO:              m2cgen: Not installed
2024-06-30 15:34:35,019:INFO:           evidently: Not installed
2024-06-30 15:34:35,019:INFO:               fugue: Not installed
2024-06-30 15:34:35,019:INFO:           streamlit: Not installed
2024-06-30 15:34:35,019:INFO:             prophet: Not installed
2024-06-30 15:34:35,019:INFO:None
2024-06-30 15:34:35,019:INFO:Set up data.
2024-06-30 15:34:37,695:INFO:Set up folding strategy.
2024-06-30 15:34:37,696:INFO:Set up train/test split.
2024-06-30 15:34:39,102:INFO:Set up index.
2024-06-30 15:34:39,145:INFO:Assigning column types.
2024-06-30 15:34:39,493:INFO:Engine successfully changes for model 'lr' to 'sklearn'.
2024-06-30 15:34:39,532:INFO:Engine for model 'knn' has not been set explicitly, hence returning None.
2024-06-30 15:34:39,535:INFO:Engine for model 'rbfsvm' has not been set explicitly, hence returning None.
2024-06-30 15:34:39,571:WARNING:
'xgboost' is a soft dependency and not included in the pycaret installation. Please run: `pip install xgboost` to install.
Alternately, you can install this by running `pip install pycaret[models]`
2024-06-30 15:34:39,571:WARNING:
'catboost' is a soft dependency and not included in the pycaret installation. Please run: `pip install catboost` to install.
Alternately, you can install this by running `pip install pycaret[models]`
2024-06-30 15:34:39,624:INFO:Engine for model 'knn' has not been set explicitly, hence returning None.
2024-06-30 15:34:39,625:INFO:Engine for model 'rbfsvm' has not been set explicitly, hence returning None.
2024-06-30 15:34:39,665:WARNING:
'xgboost' is a soft dependency and not included in the pycaret installation. Please run: `pip install xgboost` to install.
Alternately, you can install this by running `pip install pycaret[models]`
2024-06-30 15:34:39,665:WARNING:
'catboost' is a soft dependency and not included in the pycaret installation. Please run: `pip install catboost` to install.
Alternately, you can install this by running `pip install pycaret[models]`
2024-06-30 15:34:39,666:INFO:Engine successfully changes for model 'knn' to 'sklearn'.
2024-06-30 15:34:39,716:INFO:Engine for model 'rbfsvm' has not been set explicitly, hence returning None.
2024-06-30 15:34:39,749:WARNING:
'xgboost' is a soft dependency and not included in the pycaret installation. Please run: `pip install xgboost` to install.
Alternately, you can install this by running `pip install pycaret[models]`
2024-06-30 15:34:39,749:WARNING:
'catboost' is a soft dependency and not included in the pycaret installation. Please run: `pip install catboost` to install.
Alternately, you can install this by running `pip install pycaret[models]`
2024-06-30 15:34:39,800:INFO:Engine for model 'rbfsvm' has not been set explicitly, hence returning None.
2024-06-30 15:34:39,831:WARNING:
'xgboost' is a soft dependency and not included in the pycaret installation. Please run: `pip install xgboost` to install.
Alternately, you can install this by running `pip install pycaret[models]`
2024-06-30 15:34:39,832:WARNING:
'catboost' is a soft dependency and not included in the pycaret installation. Please run: `pip install catboost` to install.
Alternately, you can install this by running `pip install pycaret[models]`
2024-06-30 15:34:39,832:INFO:Engine successfully changes for model 'rbfsvm' to 'sklearn'.
2024-06-30 15:34:39,915:WARNING:
'xgboost' is a soft dependency and not included in the pycaret installation. Please run: `pip install xgboost` to install.
Alternately, you can install this by running `pip install pycaret[models]`
2024-06-30 15:34:39,916:WARNING:
'catboost' is a soft dependency and not included in the pycaret installation. Please run: `pip install catboost` to install.
Alternately, you can install this by running `pip install pycaret[models]`
2024-06-30 15:34:39,999:WARNING:
'xgboost' is a soft dependency and not included in the pycaret installation. Please run: `pip install xgboost` to install.
Alternately, you can install this by running `pip install pycaret[models]`
2024-06-30 15:34:39,999:WARNING:
'catboost' is a soft dependency and not included in the pycaret installation. Please run: `pip install catboost` to install.
Alternately, you can install this by running `pip install pycaret[models]`
2024-06-30 15:34:40,002:INFO:Preparing preprocessing pipeline...
2024-06-30 15:34:40,071:INFO:Set up label encoding.
2024-06-30 15:34:40,071:INFO:Set up simple imputation.
2024-06-30 15:34:40,414:INFO:Set up encoding of categorical features.
2024-06-30 15:34:40,464:INFO:Set up column name cleaning.
2024-06-30 15:34:42,628:WARNING:c:\Users\idowu\Desktop\Machine Learning\.venv\lib\site-packages\pycaret\internal\pipeline.py:256: UserWarning: Persisting input arguments took 0.63s to run.If this happens often in your code, it can cause performance problems (results will be correct in all cases). The reason for this is probably some large input arguments for a wrapped function.
  X, y = self._memory_transform(

2024-06-30 15:34:47,231:WARNING:c:\Users\idowu\Desktop\Machine Learning\.venv\lib\site-packages\pycaret\internal\pipeline.py:249: UserWarning: Persisting input arguments took 0.62s to run.If this happens often in your code, it can cause performance problems (results will be correct in all cases). The reason for this is probably some large input arguments for a wrapped function.
  fitted_transformer = self._memory_fit(

2024-06-30 15:34:55,116:WARNING:c:\Users\idowu\Desktop\Machine Learning\.venv\lib\site-packages\pycaret\internal\pipeline.py:249: UserWarning: Persisting input arguments took 1.29s to run.If this happens often in your code, it can cause performance problems (results will be correct in all cases). The reason for this is probably some large input arguments for a wrapped function.
  fitted_transformer = self._memory_fit(

2024-06-30 15:35:01,429:WARNING:c:\Users\idowu\Desktop\Machine Learning\.venv\lib\site-packages\pycaret\internal\pipeline.py:256: UserWarning: Persisting input arguments took 1.28s to run.If this happens often in your code, it can cause performance problems (results will be correct in all cases). The reason for this is probably some large input arguments for a wrapped function.
  X, y = self._memory_transform(

2024-06-30 15:35:07,519:WARNING:c:\Users\idowu\Desktop\Machine Learning\.venv\lib\site-packages\pycaret\internal\pipeline.py:249: UserWarning: Persisting input arguments took 1.50s to run.If this happens often in your code, it can cause performance problems (results will be correct in all cases). The reason for this is probably some large input arguments for a wrapped function.
  fitted_transformer = self._memory_fit(

2024-06-30 15:35:12,842:WARNING:c:\Users\idowu\Desktop\Machine Learning\.venv\lib\site-packages\pycaret\internal\pipeline.py:256: UserWarning: Persisting input arguments took 1.69s to run.If this happens often in your code, it can cause performance problems (results will be correct in all cases). The reason for this is probably some large input arguments for a wrapped function.
  X, y = self._memory_transform(

2024-06-30 15:35:13,264:INFO:Finished creating preprocessing pipeline.
2024-06-30 15:35:13,272:INFO:Pipeline: Pipeline(memory=FastMemory(location=C:\Users\idowu\AppData\Local\Temp\joblib),
         steps=[('label_encoding',
                 TransformerWrapperWithInverse(exclude=None, include=None,
                                               transformer=LabelEncoder())),
                ('numerical_imputer',
                 TransformerWrapper(exclude=None,
                                    include=['DR_NO', 'TIME OCC', 'AREA',
                                             'Rpt Dist No', 'Part 1-2',
                                             'Crm Cd', 'Vict Age', 'Premis Cd',
                                             'Weapon Used Cd', 'Crm Cd 1',...
                                                                    'Premis '
                                                                    'Desc',
                                                                    'Weapon '
                                                                    'Desc',
                                                                    'LOCATION',
                                                                    'Cross '
                                                                    'Street'],
                                                              drop_invariant=False,
                                                              handle_missing='return_nan',
                                                              handle_unknown='value',
                                                              hierarchy=None,
                                                              min_samples_leaf=20,
                                                              return_df=True,
                                                              smoothing=10,
                                                              verbose=0))),
                ('clean_column_names',
                 TransformerWrapper(exclude=None, include=None,
                                    transformer=CleanColumnNames(match='[\\]\\[\\,\\{\\}\\"\\:]+')))],
         verbose=False)
2024-06-30 15:35:13,272:INFO:Creating final display dataframe.
2024-06-30 15:35:21,469:WARNING:c:\Users\idowu\Desktop\Machine Learning\.venv\lib\site-packages\pycaret\internal\pipeline.py:111: UserWarning: Persisting input arguments took 1.09s to run.If this happens often in your code, it can cause performance problems (results will be correct in all cases). The reason for this is probably some large input arguments for a wrapped function.
  X, y = pipeline._memory_transform(transformer, X, y)

2024-06-30 15:35:25,376:WARNING:c:\Users\idowu\Desktop\Machine Learning\.venv\lib\site-packages\pycaret\internal\pipeline.py:289: UserWarning: Persisting input arguments took 0.98s to run.If this happens often in your code, it can cause performance problems (results will be correct in all cases). The reason for this is probably some large input arguments for a wrapped function.
  X, y = self._memory_full_transform(

2024-06-30 15:35:32,414:WARNING:c:\Users\idowu\Desktop\Machine Learning\.venv\lib\site-packages\pycaret\internal\pipeline.py:111: UserWarning: Persisting input arguments took 0.60s to run.If this happens often in your code, it can cause performance problems (results will be correct in all cases). The reason for this is probably some large input arguments for a wrapped function.
  X, y = pipeline._memory_transform(transformer, X, y)

2024-06-30 15:35:35,202:WARNING:c:\Users\idowu\Desktop\Machine Learning\.venv\lib\site-packages\pycaret\internal\pipeline.py:111: UserWarning: Persisting input arguments took 0.99s to run.If this happens often in your code, it can cause performance problems (results will be correct in all cases). The reason for this is probably some large input arguments for a wrapped function.
  X, y = pipeline._memory_transform(transformer, X, y)

2024-06-30 15:35:37,095:WARNING:c:\Users\idowu\Desktop\Machine Learning\.venv\lib\site-packages\pycaret\internal\pipeline.py:289: UserWarning: Persisting input arguments took 1.04s to run.If this happens often in your code, it can cause performance problems (results will be correct in all cases). The reason for this is probably some large input arguments for a wrapped function.
  X, y = self._memory_full_transform(

2024-06-30 15:35:40,882:INFO:Setup _display_container:                     Description  \
0                    Session id   
1                        Target   
2                   Target type   
3                Target mapping   
4           Original data shape   
5        Transformed data shape   
6   Transformed train set shape   
7    Transformed test set shape   
8              Numeric features   
9          Categorical features   
10     Rows with missing values   
11                   Preprocess   
12              Imputation type   
13           Numeric imputation   
14       Categorical imputation   
15     Maximum one-hot encoding   
16              Encoding method   
17               Fold Generator   
18                  Fold Number   
19                     CPU Jobs   
20                      Use GPU   
21               Log Experiment   
22              Experiment Name   
23                          USI   

                                                Value  
0                                                 123  
1                                         Crm Cd Desc  
2                                          Multiclass  
3   ARSON: 0, ASSAULT WITH DEADLY WEAPON ON POLICE...  
4                                        (955338, 28)  
5                                        (955338, 81)  
6                                        (668736, 81)  
7                                        (286602, 81)  
8                                                  15  
9                                                  12  
10                                             100.0%  
11                                               True  
12                                             simple  
13                                               mean  
14                                               mode  
15                                                 25  
16                                               None  
17                                    StratifiedKFold  
18                                                 10  
19                                                 -1  
20                                              False  
21                                              False  
22                                   clf-default-name  
23                                               9f4c  
2024-06-30 15:35:40,992:WARNING:
'xgboost' is a soft dependency and not included in the pycaret installation. Please run: `pip install xgboost` to install.
Alternately, you can install this by running `pip install pycaret[models]`
2024-06-30 15:35:40,993:WARNING:
'catboost' is a soft dependency and not included in the pycaret installation. Please run: `pip install catboost` to install.
Alternately, you can install this by running `pip install pycaret[models]`
2024-06-30 15:35:41,092:WARNING:
'xgboost' is a soft dependency and not included in the pycaret installation. Please run: `pip install xgboost` to install.
Alternately, you can install this by running `pip install pycaret[models]`
2024-06-30 15:35:41,092:WARNING:
'catboost' is a soft dependency and not included in the pycaret installation. Please run: `pip install catboost` to install.
Alternately, you can install this by running `pip install pycaret[models]`
2024-06-30 15:35:41,094:INFO:setup() successfully completed in 66.09s...............
2024-06-30 15:39:23,495:WARNING:
'cuml' is a soft dependency and not included in the pycaret installation. Please run: `pip install cuml` to install.
2024-06-30 15:39:23,495:WARNING:
'cuml' is a soft dependency and not included in the pycaret installation. Please run: `pip install cuml` to install.
2024-06-30 15:39:23,495:WARNING:
'cuml' is a soft dependency and not included in the pycaret installation. Please run: `pip install cuml` to install.
2024-06-30 15:39:23,495:WARNING:
'cuml' is a soft dependency and not included in the pycaret installation. Please run: `pip install cuml` to install.
2024-06-30 15:39:51,398:INFO:PyCaret ClassificationExperiment
2024-06-30 15:39:51,398:INFO:Logging name: clf-default-name
2024-06-30 15:39:51,398:INFO:ML Usecase: MLUsecase.CLASSIFICATION
2024-06-30 15:39:51,398:INFO:version 3.3.2
2024-06-30 15:39:51,399:INFO:Initializing setup()
2024-06-30 15:39:51,399:INFO:self.USI: b808
2024-06-30 15:39:51,399:INFO:self._variable_keys: {'log_plots_param', 'is_multiclass', 'exp_id', 'idx', 'fix_imbalance', 'gpu_param', 'fold_shuffle_param', 'gpu_n_jobs_param', 'pipeline', 'X_train', 'X_test', 'logging_param', 'USI', '_available_plots', 'fold_groups_param', 'y_test', 'html_param', 'target_param', 'data', 'y', 'memory', 'fold_generator', 'X', 'y_train', 'n_jobs_param', 'seed', '_ml_usecase', 'exp_name_log'}
2024-06-30 15:39:51,399:INFO:Checking environment
2024-06-30 15:39:51,399:INFO:python_version: 3.9.5
2024-06-30 15:39:51,399:INFO:python_build: ('tags/v3.9.5:0a7dcbd', 'May  3 2021 17:27:52')
2024-06-30 15:39:51,399:INFO:machine: AMD64
2024-06-30 15:39:51,399:INFO:platform: Windows-10-10.0.22631-SP0
2024-06-30 15:39:51,403:INFO:Memory: svmem(total=16969424896, available=4620537856, percent=72.8, used=12348887040, free=4620537856)
2024-06-30 15:39:51,403:INFO:Physical Core: 4
2024-06-30 15:39:51,403:INFO:Logical Core: 8
2024-06-30 15:39:51,403:INFO:Checking libraries
2024-06-30 15:39:51,403:INFO:System:
2024-06-30 15:39:51,403:INFO:    python: 3.9.5 (tags/v3.9.5:0a7dcbd, May  3 2021, 17:27:52) [MSC v.1928 64 bit (AMD64)]
2024-06-30 15:39:51,404:INFO:executable: c:\Users\idowu\Desktop\Machine Learning\.venv\Scripts\python.exe
2024-06-30 15:39:51,404:INFO:   machine: Windows-10-10.0.22631-SP0
2024-06-30 15:39:51,404:INFO:PyCaret required dependencies:
2024-06-30 15:39:51,463:INFO:                 pip: 24.0
2024-06-30 15:39:51,463:INFO:          setuptools: 56.0.0
2024-06-30 15:39:51,463:INFO:             pycaret: 3.3.2
2024-06-30 15:39:51,463:INFO:             IPython: 8.18.1
2024-06-30 15:39:51,463:INFO:          ipywidgets: 8.1.2
2024-06-30 15:39:51,463:INFO:                tqdm: 4.66.4
2024-06-30 15:39:51,463:INFO:               numpy: 1.26.4
2024-06-30 15:39:51,463:INFO:              pandas: 2.1.4
2024-06-30 15:39:51,463:INFO:              jinja2: 3.1.3
2024-06-30 15:39:51,463:INFO:               scipy: 1.11.4
2024-06-30 15:39:51,463:INFO:              joblib: 1.3.2
2024-06-30 15:39:51,463:INFO:             sklearn: 1.4.2
2024-06-30 15:39:51,463:INFO:                pyod: 1.1.3
2024-06-30 15:39:51,463:INFO:            imblearn: 0.12.2
2024-06-30 15:39:51,463:INFO:   category_encoders: 2.6.3
2024-06-30 15:39:51,463:INFO:            lightgbm: 4.3.0
2024-06-30 15:39:51,463:INFO:               numba: 0.59.1
2024-06-30 15:39:51,463:INFO:            requests: 2.31.0
2024-06-30 15:39:51,463:INFO:          matplotlib: 3.7.5
2024-06-30 15:39:51,463:INFO:          scikitplot: 0.3.7
2024-06-30 15:39:51,463:INFO:         yellowbrick: 1.5
2024-06-30 15:39:51,463:INFO:              plotly: 5.22.0
2024-06-30 15:39:51,463:INFO:    plotly-resampler: Not installed
2024-06-30 15:39:51,463:INFO:             kaleido: 0.2.1
2024-06-30 15:39:51,463:INFO:           schemdraw: 0.15
2024-06-30 15:39:51,463:INFO:         statsmodels: 0.14.2
2024-06-30 15:39:51,463:INFO:              sktime: 0.26.0
2024-06-30 15:39:51,463:INFO:               tbats: 1.1.3
2024-06-30 15:39:51,463:INFO:            pmdarima: 2.0.4
2024-06-30 15:39:51,463:INFO:              psutil: 5.9.8
2024-06-30 15:39:51,463:INFO:          markupsafe: 2.1.5
2024-06-30 15:39:51,463:INFO:             pickle5: Not installed
2024-06-30 15:39:51,463:INFO:         cloudpickle: 3.0.0
2024-06-30 15:39:51,463:INFO:         deprecation: 2.1.0
2024-06-30 15:39:51,463:INFO:              xxhash: 3.4.1
2024-06-30 15:39:51,463:INFO:           wurlitzer: Not installed
2024-06-30 15:39:51,463:INFO:PyCaret optional dependencies:
2024-06-30 15:39:51,520:INFO:                shap: 0.45.0
2024-06-30 15:39:51,520:INFO:           interpret: Not installed
2024-06-30 15:39:51,520:INFO:                umap: Not installed
2024-06-30 15:39:51,520:INFO:     ydata_profiling: Not installed
2024-06-30 15:39:51,520:INFO:  explainerdashboard: Not installed
2024-06-30 15:39:51,520:INFO:             autoviz: Not installed
2024-06-30 15:39:51,520:INFO:           fairlearn: Not installed
2024-06-30 15:39:51,520:INFO:          deepchecks: Not installed
2024-06-30 15:39:51,520:INFO:             xgboost: Not installed
2024-06-30 15:39:51,520:INFO:            catboost: Not installed
2024-06-30 15:39:51,520:INFO:              kmodes: Not installed
2024-06-30 15:39:51,520:INFO:             mlxtend: Not installed
2024-06-30 15:39:51,520:INFO:       statsforecast: Not installed
2024-06-30 15:39:51,520:INFO:        tune_sklearn: Not installed
2024-06-30 15:39:51,521:INFO:                 ray: Not installed
2024-06-30 15:39:51,521:INFO:            hyperopt: Not installed
2024-06-30 15:39:51,521:INFO:              optuna: Not installed
2024-06-30 15:39:51,521:INFO:               skopt: Not installed
2024-06-30 15:39:51,521:INFO:              mlflow: Not installed
2024-06-30 15:39:51,521:INFO:              gradio: Not installed
2024-06-30 15:39:51,521:INFO:             fastapi: Not installed
2024-06-30 15:39:51,521:INFO:             uvicorn: 0.29.0
2024-06-30 15:39:51,521:INFO:              m2cgen: Not installed
2024-06-30 15:39:51,521:INFO:           evidently: Not installed
2024-06-30 15:39:51,521:INFO:               fugue: Not installed
2024-06-30 15:39:51,521:INFO:           streamlit: Not installed
2024-06-30 15:39:51,521:INFO:             prophet: Not installed
2024-06-30 15:39:51,521:INFO:None
2024-06-30 15:39:51,521:INFO:Set up data.
2024-06-30 15:39:54,094:INFO:Set up folding strategy.
2024-06-30 15:39:54,094:INFO:Set up train/test split.
2024-06-30 15:39:55,218:INFO:Set up index.
2024-06-30 15:39:55,258:INFO:Assigning column types.
2024-06-30 15:39:55,526:INFO:Engine successfully changes for model 'lr' to 'sklearn'.
2024-06-30 15:39:55,564:INFO:Engine for model 'knn' has not been set explicitly, hence returning None.
2024-06-30 15:39:55,568:INFO:Engine for model 'rbfsvm' has not been set explicitly, hence returning None.
2024-06-30 15:39:55,601:WARNING:
'xgboost' is a soft dependency and not included in the pycaret installation. Please run: `pip install xgboost` to install.
Alternately, you can install this by running `pip install pycaret[models]`
2024-06-30 15:39:55,602:WARNING:
'catboost' is a soft dependency and not included in the pycaret installation. Please run: `pip install catboost` to install.
Alternately, you can install this by running `pip install pycaret[models]`
2024-06-30 15:39:55,639:INFO:Engine for model 'knn' has not been set explicitly, hence returning None.
2024-06-30 15:39:55,641:INFO:Engine for model 'rbfsvm' has not been set explicitly, hence returning None.
2024-06-30 15:39:55,664:WARNING:
'xgboost' is a soft dependency and not included in the pycaret installation. Please run: `pip install xgboost` to install.
Alternately, you can install this by running `pip install pycaret[models]`
2024-06-30 15:39:55,664:WARNING:
'catboost' is a soft dependency and not included in the pycaret installation. Please run: `pip install catboost` to install.
Alternately, you can install this by running `pip install pycaret[models]`
2024-06-30 15:39:55,664:INFO:Engine successfully changes for model 'knn' to 'sklearn'.
2024-06-30 15:39:55,704:INFO:Engine for model 'rbfsvm' has not been set explicitly, hence returning None.
2024-06-30 15:39:55,728:WARNING:
'xgboost' is a soft dependency and not included in the pycaret installation. Please run: `pip install xgboost` to install.
Alternately, you can install this by running `pip install pycaret[models]`
2024-06-30 15:39:55,728:WARNING:
'catboost' is a soft dependency and not included in the pycaret installation. Please run: `pip install catboost` to install.
Alternately, you can install this by running `pip install pycaret[models]`
2024-06-30 15:39:55,769:INFO:Engine for model 'rbfsvm' has not been set explicitly, hence returning None.
2024-06-30 15:39:55,795:WARNING:
'xgboost' is a soft dependency and not included in the pycaret installation. Please run: `pip install xgboost` to install.
Alternately, you can install this by running `pip install pycaret[models]`
2024-06-30 15:39:55,796:WARNING:
'catboost' is a soft dependency and not included in the pycaret installation. Please run: `pip install catboost` to install.
Alternately, you can install this by running `pip install pycaret[models]`
2024-06-30 15:39:55,796:INFO:Engine successfully changes for model 'rbfsvm' to 'sklearn'.
2024-06-30 15:39:55,864:WARNING:
'xgboost' is a soft dependency and not included in the pycaret installation. Please run: `pip install xgboost` to install.
Alternately, you can install this by running `pip install pycaret[models]`
2024-06-30 15:39:55,866:WARNING:
'catboost' is a soft dependency and not included in the pycaret installation. Please run: `pip install catboost` to install.
Alternately, you can install this by running `pip install pycaret[models]`
2024-06-30 15:39:55,931:WARNING:
'xgboost' is a soft dependency and not included in the pycaret installation. Please run: `pip install xgboost` to install.
Alternately, you can install this by running `pip install pycaret[models]`
2024-06-30 15:39:55,931:WARNING:
'catboost' is a soft dependency and not included in the pycaret installation. Please run: `pip install catboost` to install.
Alternately, you can install this by running `pip install pycaret[models]`
2024-06-30 15:39:55,934:INFO:Preparing preprocessing pipeline...
2024-06-30 15:39:55,977:INFO:Set up label encoding.
2024-06-30 15:39:55,977:INFO:Set up simple imputation.
2024-06-30 15:39:56,193:INFO:Set up encoding of categorical features.
2024-06-30 15:39:56,234:INFO:Set up column name cleaning.
2024-06-30 15:39:58,129:WARNING:c:\Users\idowu\Desktop\Machine Learning\.venv\lib\site-packages\pycaret\internal\pipeline.py:256: UserWarning: Persisting input arguments took 0.58s to run.If this happens often in your code, it can cause performance problems (results will be correct in all cases). The reason for this is probably some large input arguments for a wrapped function.
  X, y = self._memory_transform(

2024-06-30 15:40:08,883:WARNING:c:\Users\idowu\Desktop\Machine Learning\.venv\lib\site-packages\pycaret\internal\pipeline.py:249: UserWarning: Persisting input arguments took 1.28s to run.If this happens often in your code, it can cause performance problems (results will be correct in all cases). The reason for this is probably some large input arguments for a wrapped function.
  fitted_transformer = self._memory_fit(

2024-06-30 15:40:14,224:WARNING:c:\Users\idowu\Desktop\Machine Learning\.venv\lib\site-packages\pycaret\internal\pipeline.py:256: UserWarning: Persisting input arguments took 1.11s to run.If this happens often in your code, it can cause performance problems (results will be correct in all cases). The reason for this is probably some large input arguments for a wrapped function.
  X, y = self._memory_transform(

2024-06-30 15:40:19,641:WARNING:c:\Users\idowu\Desktop\Machine Learning\.venv\lib\site-packages\pycaret\internal\pipeline.py:249: UserWarning: Persisting input arguments took 1.26s to run.If this happens often in your code, it can cause performance problems (results will be correct in all cases). The reason for this is probably some large input arguments for a wrapped function.
  fitted_transformer = self._memory_fit(

2024-06-30 15:40:24,772:WARNING:c:\Users\idowu\Desktop\Machine Learning\.venv\lib\site-packages\pycaret\internal\pipeline.py:256: UserWarning: Persisting input arguments took 1.71s to run.If this happens often in your code, it can cause performance problems (results will be correct in all cases). The reason for this is probably some large input arguments for a wrapped function.
  X, y = self._memory_transform(

2024-06-30 15:40:24,950:INFO:Finished creating preprocessing pipeline.
2024-06-30 15:40:24,958:INFO:Pipeline: Pipeline(memory=FastMemory(location=C:\Users\idowu\AppData\Local\Temp\joblib),
         steps=[('label_encoding',
                 TransformerWrapperWithInverse(exclude=None, include=None,
                                               transformer=LabelEncoder())),
                ('numerical_imputer',
                 TransformerWrapper(exclude=None,
                                    include=['DR_NO', 'TIME OCC', 'AREA',
                                             'Rpt Dist No', 'Part 1-2',
                                             'Crm Cd', 'Vict Age', 'Premis Cd',
                                             'Weapon Used Cd', 'Crm Cd 1',...
                                                                    'Premis '
                                                                    'Desc',
                                                                    'Weapon '
                                                                    'Desc',
                                                                    'LOCATION',
                                                                    'Cross '
                                                                    'Street'],
                                                              drop_invariant=False,
                                                              handle_missing='return_nan',
                                                              handle_unknown='value',
                                                              hierarchy=None,
                                                              min_samples_leaf=20,
                                                              return_df=True,
                                                              smoothing=10,
                                                              verbose=0))),
                ('clean_column_names',
                 TransformerWrapper(exclude=None, include=None,
                                    transformer=CleanColumnNames(match='[\\]\\[\\,\\{\\}\\"\\:]+')))],
         verbose=False)
2024-06-30 15:40:24,958:INFO:Creating final display dataframe.
2024-06-30 15:40:32,729:WARNING:c:\Users\idowu\Desktop\Machine Learning\.venv\lib\site-packages\pycaret\internal\pipeline.py:111: UserWarning: Persisting input arguments took 0.92s to run.If this happens often in your code, it can cause performance problems (results will be correct in all cases). The reason for this is probably some large input arguments for a wrapped function.
  X, y = pipeline._memory_transform(transformer, X, y)

2024-06-30 15:40:36,748:WARNING:c:\Users\idowu\Desktop\Machine Learning\.venv\lib\site-packages\pycaret\internal\pipeline.py:289: UserWarning: Persisting input arguments took 1.02s to run.If this happens often in your code, it can cause performance problems (results will be correct in all cases). The reason for this is probably some large input arguments for a wrapped function.
  X, y = self._memory_full_transform(

2024-06-30 15:40:45,539:WARNING:c:\Users\idowu\Desktop\Machine Learning\.venv\lib\site-packages\pycaret\internal\pipeline.py:111: UserWarning: Persisting input arguments took 1.04s to run.If this happens often in your code, it can cause performance problems (results will be correct in all cases). The reason for this is probably some large input arguments for a wrapped function.
  X, y = pipeline._memory_transform(transformer, X, y)

2024-06-30 15:40:47,121:WARNING:c:\Users\idowu\Desktop\Machine Learning\.venv\lib\site-packages\pycaret\internal\pipeline.py:289: UserWarning: Persisting input arguments took 0.96s to run.If this happens often in your code, it can cause performance problems (results will be correct in all cases). The reason for this is probably some large input arguments for a wrapped function.
  X, y = self._memory_full_transform(

2024-06-30 15:40:50,174:INFO:Setup _display_container:                     Description  \
0                    Session id   
1                        Target   
2                   Target type   
3                Target mapping   
4           Original data shape   
5        Transformed data shape   
6   Transformed train set shape   
7    Transformed test set shape   
8              Numeric features   
9          Categorical features   
10     Rows with missing values   
11                   Preprocess   
12              Imputation type   
13           Numeric imputation   
14       Categorical imputation   
15     Maximum one-hot encoding   
16              Encoding method   
17               Fold Generator   
18                  Fold Number   
19                     CPU Jobs   
20                      Use GPU   
21               Log Experiment   
22              Experiment Name   
23                          USI   

                                                Value  
0                                                 123  
1                                         Crm Cd Desc  
2                                          Multiclass  
3   ARSON: 0, ASSAULT WITH DEADLY WEAPON ON POLICE...  
4                                        (764270, 28)  
5                                        (764270, 81)  
6                                        (534989, 81)  
7                                        (229281, 81)  
8                                                  15  
9                                                  12  
10                                             100.0%  
11                                               True  
12                                             simple  
13                                               mean  
14                                               mode  
15                                                 25  
16                                               None  
17                                    StratifiedKFold  
18                                                 10  
19                                                 -1  
20                                              False  
21                                              False  
22                                   clf-default-name  
23                                               b808  
2024-06-30 15:40:50,261:WARNING:
'xgboost' is a soft dependency and not included in the pycaret installation. Please run: `pip install xgboost` to install.
Alternately, you can install this by running `pip install pycaret[models]`
2024-06-30 15:40:50,262:WARNING:
'catboost' is a soft dependency and not included in the pycaret installation. Please run: `pip install catboost` to install.
Alternately, you can install this by running `pip install pycaret[models]`
2024-06-30 15:40:50,339:WARNING:
'xgboost' is a soft dependency and not included in the pycaret installation. Please run: `pip install xgboost` to install.
Alternately, you can install this by running `pip install pycaret[models]`
2024-06-30 15:40:50,340:WARNING:
'catboost' is a soft dependency and not included in the pycaret installation. Please run: `pip install catboost` to install.
Alternately, you can install this by running `pip install pycaret[models]`
2024-06-30 15:40:50,341:INFO:setup() successfully completed in 58.95s...............
2024-06-30 15:41:12,961:INFO:Initializing compare_models()
2024-06-30 15:41:12,961:INFO:compare_models(self=<pycaret.classification.oop.ClassificationExperiment object at 0x00000219F67C0BB0>, include=None, fold=None, round=4, cross_validation=True, sort=Accuracy, n_select=1, budget_time=None, turbo=True, errors=ignore, fit_kwargs=None, groups=None, experiment_custom_tags=None, probability_threshold=None, verbose=True, parallel=None, caller_params={'self': <pycaret.classification.oop.ClassificationExperiment object at 0x00000219F67C0BB0>, 'include': None, 'exclude': None, 'fold': None, 'round': 4, 'cross_validation': True, 'sort': 'Accuracy', 'n_select': 1, 'budget_time': None, 'turbo': True, 'errors': 'ignore', 'fit_kwargs': None, 'groups': None, 'experiment_custom_tags': None, 'probability_threshold': None, 'engine': None, 'verbose': True, 'parallel': None, '__class__': <class 'pycaret.classification.oop.ClassificationExperiment'>}, exclude=None)
2024-06-30 15:41:12,962:INFO:Checking exceptions
2024-06-30 15:41:13,176:INFO:Preparing display monitor
2024-06-30 15:41:13,201:INFO:Initializing Logistic Regression
2024-06-30 15:41:13,202:INFO:Total runtime is 1.6037623087565104e-05 minutes
2024-06-30 15:41:13,205:INFO:SubProcess create_model() called ==================================
2024-06-30 15:41:13,205:INFO:Initializing create_model()
2024-06-30 15:41:13,205:INFO:create_model(self=<pycaret.classification.oop.ClassificationExperiment object at 0x00000219F67C0BB0>, estimator=lr, fold=StratifiedKFold(n_splits=10, random_state=None, shuffle=False), round=4, cross_validation=True, predict=True, fit_kwargs={}, groups=None, refit=False, probability_threshold=None, experiment_custom_tags=None, verbose=False, system=False, add_to_model_list=True, metrics=None, display=<pycaret.internal.display.display.CommonDisplay object at 0x000002199A9311C0>, model_only=True, return_train_score=False, error_score=0.0, kwargs={})
2024-06-30 15:41:13,205:INFO:Checking exceptions
2024-06-30 15:41:13,205:INFO:Importing libraries
2024-06-30 15:41:13,205:INFO:Copying training dataset
2024-06-30 15:41:13,667:INFO:Defining folds
2024-06-30 15:41:13,667:INFO:Declaring metric variables
2024-06-30 15:41:13,670:INFO:Importing untrained model
2024-06-30 15:41:13,675:INFO:Logistic Regression Imported successfully
2024-06-30 15:41:13,680:INFO:Starting cross validation
2024-06-30 15:41:13,686:INFO:Cross validating with StratifiedKFold(n_splits=10, random_state=None, shuffle=False), n_jobs=-1
2024-06-30 15:41:14,274:WARNING:c:\Users\idowu\Desktop\Machine Learning\.venv\lib\site-packages\sklearn\model_selection\_split.py:737: UserWarning: The least populated class in y has only 2 members, which is less than n_splits=10.
  warnings.warn(

2024-06-30 15:44:23,978:INFO:Initializing create_model()
2024-06-30 15:44:23,979:INFO:create_model(self=<pycaret.classification.oop.ClassificationExperiment object at 0x00000219F67C0BB0>, estimator=lr, fold=None, round=4, cross_validation=True, predict=True, fit_kwargs=None, groups=None, refit=True, probability_threshold=None, experiment_custom_tags=None, verbose=True, system=True, add_to_model_list=True, metrics=None, display=None, model_only=True, return_train_score=False, error_score=0.0, kwargs={})
2024-06-30 15:44:23,980:INFO:Checking exceptions
2024-06-30 15:44:24,004:INFO:Importing libraries
2024-06-30 15:44:24,006:INFO:Copying training dataset
2024-06-30 15:44:24,887:INFO:Defining folds
2024-06-30 15:44:24,887:INFO:Declaring metric variables
2024-06-30 15:44:24,892:INFO:Importing untrained model
2024-06-30 15:44:24,896:INFO:Logistic Regression Imported successfully
2024-06-30 15:44:24,905:INFO:Starting cross validation
2024-06-30 15:44:24,921:INFO:Cross validating with StratifiedKFold(n_splits=10, random_state=None, shuffle=False), n_jobs=-1
2024-06-30 15:44:25,510:WARNING:c:\Users\idowu\Desktop\Machine Learning\.venv\lib\site-packages\sklearn\model_selection\_split.py:737: UserWarning: The least populated class in y has only 2 members, which is less than n_splits=10.
  warnings.warn(

